#
# There is insufficient memory for the Java Runtime Environment to continue.
# Native memory allocation (mmap) failed to map 266338304 bytes for G1 virtual space
# Possible reasons:
#   The system is out of physical RAM or swap space
#   The process is running with CompressedOops enabled, and the Java Heap may be blocking the growth of the native heap
# Possible solutions:
#   Reduce memory load on the system
#   Increase physical memory or swap space
#   Check if swap backing store is full
#   Decrease Java heap size (-Xmx/-Xms)
#   Decrease number of Java threads
#   Decrease Java thread stack sizes (-Xss)
#   Set larger code cache with -XX:ReservedCodeCacheSize=
#   JVM is running with Zero Based Compressed Oops mode in which the Java heap is
#     placed in the first 32GB address space. The Java Heap base address is the
#     maximum limit for the native heap growth. Please use -XX:HeapBaseMinAddress
#     to set the Java Heap base and to place the Java Heap above 32GB virtual address.
# This output file may be truncated or incomplete.
#
#  Out of Memory Error (os_windows.cpp:3825), pid=14924, tid=14188
#
# JRE version:  (17.0.9) (build )
# Java VM: OpenJDK 64-Bit Server VM (17.0.9+0--11185874, mixed mode, sharing, tiered, compressed oops, compressed class ptrs, g1 gc, windows-amd64)
# No core dump will be written. Minidumps are not enabled by default on client versions of Windows
#

---------------  S U M M A R Y ------------

Command Line: org.jetbrains.kotlin.cli.jvm.K2JVMCompiler @C:\Users\dell\AndroidStudioProjects\PagingExampleOne\app\build\20240328_12740102840815752537.compiler.options

Host: Intel(R) Core(TM) i7-6700 CPU @ 3.40GHz, 4 cores, 15G,  Windows 10 , 64 bit Build 19041 (10.0.19041.3636)
Time: Thu Mar 28 16:31:13 2024 Pakistan Standard Time elapsed time: 0.009959 seconds (0d 0h 0m 0s)

---------------  T H R E A D  ---------------

Current thread (0x0000023335bcc210):  JavaThread "Unknown thread" [_thread_in_vm, id=14188, stack(0x000000e182500000,0x000000e182600000)]

Stack: [0x000000e182500000,0x000000e182600000]
Native frames: (J=compiled Java code, j=interpreted, Vv=VM code, C=native code)
V  [jvm.dll+0x6886e9]
V  [jvm.dll+0x841e4a]
V  [jvm.dll+0x843a8e]
V  [jvm.dll+0x8440f3]
V  [jvm.dll+0x24c14f]
V  [jvm.dll+0x685499]
V  [jvm.dll+0x679c2a]
V  [jvm.dll+0x30cf9b]
V  [jvm.dll+0x314446]
V  [jvm.dll+0x36425e]
V  [jvm.dll+0x36448f]
V  [jvm.dll+0x2e2d68]
V  [jvm.dll+0x2e3cd4]
V  [jvm.dll+0x8129f1]
V  [jvm.dll+0x3720c1]
V  [jvm.dll+0x7f152c]
V  [jvm.dll+0x3f5d4f]
V  [jvm.dll+0x3f7981]
C  [jli.dll+0x528f]
C  [ucrtbase.dll+0x21bb2]
C  [KERNEL32.DLL+0x17344]
C  [ntdll.dll+0x526b1]


---------------  P R O C E S S  ---------------

Threads class SMR info:
_java_thread_list=0x00007ffa7e8bef18, length=0, elements={
}

Java Threads: ( => current thread )

Other Threads:
  0x0000023335c35720 GCTaskThread "GC Thread#0" [stack: 0x000000e182600000,0x000000e182700000] [id=11316]
  0x0000023335c46470 ConcurrentGCThread "G1 Main Marker" [stack: 0x000000e182700000,0x000000e182800000] [id=10564]
  0x0000023335c47630 ConcurrentGCThread "G1 Conc#0" [stack: 0x000000e182800000,0x000000e182900000] [id=3156]

[error occurred during error reporting (printing all threads), id 0xc0000005, EXCEPTION_ACCESS_VIOLATION (0xc0000005) at pc=0x00007ffa7e073937]

VM state: not at safepoint (not fully initialized)

VM Mutex/Monitor currently owned by a thread:  ([mutex/lock_event])
[0x0000023335bc7be0] Heap_lock - owner thread: 0x0000023335bcc210

Heap address: 0x0000000702000000, size: 4064 MB, Compressed Oops mode: Zero based, Oop shift amount: 3

CDS archive(s) mapped at: [0x0000000000000000-0x0000000000000000-0x0000000000000000), size 0, SharedBaseAddress: 0x0000000800000000, ArchiveRelocationMode: 1.
Narrow klass base: 0x0000000000000000, Narrow klass shift: 0, Narrow klass range: 0x0

GC Precious Log:
<Empty>

Heap:
 garbage-first heap   total 0K, used 0K [0x0000000702000000, 0x0000000800000000)
  region size 2048K, 0 young (0K), 0 survivors (0K)
 Metaspace       used 0K, committed 0K, reserved 0K
  class space    used 0K, committed 0K, reserved 0K

Heap Regions: E=young(eden), S=young(survivor), O=old, HS=humongous(starts), HC=humongous(continues), CS=collection set, F=free, OA=open archive, CA=closed archive, TAMS=top-at-mark-start (previous, next)

Card table byte_map: [0x00000233488a0000,0x0000023349090000] _byte_map_base: 0x0000023345090000

Marking Bits (Prev, Next): (CMBitMap*) 0x0000023335c35d40, (CMBitMap*) 0x0000023335c35d80
 Prev Bits: [0x0000023349880000, 0x000002334d800000)
 Next Bits: [0x000002334d800000, 0x0000023351780000)

GC Heap History (0 events):
No events

Dll operation events (1 events):
Event: 0.006 Loaded shared library C:\Program Files\Android\Android Studio1\jbr\bin\java.dll

Deoptimization events (0 events):
No events

Classes unloaded (0 events):
No events

Classes redefined (0 events):
No events

Internal exceptions (0 events):
No events

VM Operations (0 events):
No events

Events (0 events):
No events


Dynamic libraries:
0x00007ff680940000 - 0x00007ff68094a000 	C:\Program Files\Android\Android Studio1\jbr\bin\java.exe
0x00007ffab66f0000 - 0x00007ffab68e8000 	C:\Windows\SYSTEM32\ntdll.dll
0x00007ffab4970000 - 0x00007ffab4a2d000 	C:\Windows\System32\KERNEL32.DLL
0x00007ffab4110000 - 0x00007ffab4406000 	C:\Windows\System32\KERNELBASE.dll
0x00007ffab3f70000 - 0x00007ffab4070000 	C:\Windows\System32\ucrtbase.dll
0x00007ffa9e5d0000 - 0x00007ffa9e5eb000 	C:\Program Files\Android\Android Studio1\jbr\bin\VCRUNTIME140.dll
0x00007ffaa39a0000 - 0x00007ffaa39b7000 	C:\Program Files\Android\Android Studio1\jbr\bin\jli.dll
0x00007ffab5c40000 - 0x00007ffab5dde000 	C:\Windows\System32\USER32.dll
0x00007ffab4440000 - 0x00007ffab4462000 	C:\Windows\System32\win32u.dll
0x00007ffab4a40000 - 0x00007ffab4a6b000 	C:\Windows\System32\GDI32.dll
0x00007ffab4600000 - 0x00007ffab4717000 	C:\Windows\System32\gdi32full.dll
0x00007ffab4070000 - 0x00007ffab410d000 	C:\Windows\System32\msvcp_win.dll
0x00007ffaa3240000 - 0x00007ffaa34da000 	C:\Windows\WinSxS\amd64_microsoft.windows.common-controls_6595b64144ccf1df_6.0.19041.3636_none_60b6a03d71f818d5\COMCTL32.dll
0x00007ffab48d0000 - 0x00007ffab496e000 	C:\Windows\System32\msvcrt.dll
0x00007ffab53e0000 - 0x00007ffab5412000 	C:\Windows\System32\IMM32.DLL
0x00007ffab1180000 - 0x00007ffab118c000 	C:\Program Files\Android\Android Studio1\jbr\bin\vcruntime140_1.dll
0x00007ffa8aed0000 - 0x00007ffa8af5d000 	C:\Program Files\Android\Android Studio1\jbr\bin\msvcp140.dll
0x00007ffa7dd80000 - 0x00007ffa7ea03000 	C:\Program Files\Android\Android Studio1\jbr\bin\server\jvm.dll
0x00007ffab6240000 - 0x00007ffab62f0000 	C:\Windows\System32\ADVAPI32.dll
0x00007ffab4dc0000 - 0x00007ffab4e60000 	C:\Windows\System32\sechost.dll
0x00007ffab5fb0000 - 0x00007ffab60d5000 	C:\Windows\System32\RPCRT4.dll
0x00007ffab4410000 - 0x00007ffab4437000 	C:\Windows\System32\bcrypt.dll
0x00007ffab3820000 - 0x00007ffab386b000 	C:\Windows\SYSTEM32\POWRPROF.dll
0x00007ffab1660000 - 0x00007ffab1669000 	C:\Windows\SYSTEM32\WSOCK32.dll
0x00007ffab5de0000 - 0x00007ffab5e4b000 	C:\Windows\System32\WS2_32.dll
0x00007ffaa55e0000 - 0x00007ffaa5607000 	C:\Windows\SYSTEM32\WINMM.dll
0x00007ffab1d50000 - 0x00007ffab1d5a000 	C:\Windows\SYSTEM32\VERSION.dll
0x00007ffab3800000 - 0x00007ffab3812000 	C:\Windows\SYSTEM32\UMPDC.dll
0x00007ffab25f0000 - 0x00007ffab2602000 	C:\Windows\SYSTEM32\kernel.appcore.dll
0x00007ffab1d80000 - 0x00007ffab1d8a000 	C:\Program Files\Android\Android Studio1\jbr\bin\jimage.dll
0x00007ffa96560000 - 0x00007ffa96744000 	C:\Windows\SYSTEM32\DBGHELP.DLL
0x00007ffa96520000 - 0x00007ffa96554000 	C:\Windows\SYSTEM32\dbgcore.DLL
0x00007ffab44c0000 - 0x00007ffab4542000 	C:\Windows\System32\bcryptPrimitives.dll
0x00007ffab1b70000 - 0x00007ffab1b95000 	C:\Program Files\Android\Android Studio1\jbr\bin\java.dll

dbghelp: loaded successfully - version: 4.0.5 - missing functions: none
symbol engine: initialized successfully - sym options: 0x614 - pdb path: .;C:\Program Files\Android\Android Studio1\jbr\bin;C:\Windows\SYSTEM32;C:\Windows\WinSxS\amd64_microsoft.windows.common-controls_6595b64144ccf1df_6.0.19041.3636_none_60b6a03d71f818d5;C:\Program Files\Android\Android Studio1\jbr\bin\server

VM Arguments:
java_command: org.jetbrains.kotlin.cli.jvm.K2JVMCompiler @C:\Users\dell\AndroidStudioProjects\PagingExampleOne\app\build\20240328_12740102840815752537.compiler.options
java_class_path (initial): C:\Users\dell\.gradle\caches\modules-2\files-2.1\org.jetbrains.kotlin\kotlin-compiler-embeddable\1.9.0\2c8c3a7402becca891f12739b3e9fd2dc2adbd7a\kotlin-compiler-embeddable-1.9.0.jar;C:\Users\dell\.gradle\caches\modules-2\files-2.1\org.jetbrains.kotlin\kotlin-stdlib\1.9.0\8ee15ef0c67dc83d874f412d84378d7f0eb50b63\kotlin-stdlib-1.9.0.jar;C:\Users\dell\.gradle\caches\modules-2\files-2.1\org.jetbrains.kotlin\kotlin-script-runtime\1.9.0\4b3102cbbb7e1b58d9d1adf89563f00069ffa7d1\kotlin-script-runtime-1.9.0.jar;C:\Users\dell\.gradle\caches\modules-2\files-2.1\org.jetbrains.kotlin\kotlin-reflect\1.6.10\1cbe9c92c12a94eea200d23c2bbaedaf3daf5132\kotlin-reflect-1.6.10.jar;C:\Users\dell\.gradle\caches\modules-2\files-2.1\org.jetbrains.kotlin\kotlin-daemon-embeddable\1.9.0\186543f5e28cf8d9a0290fecc2cf34301c40a65c\kotlin-daemon-embeddable-1.9.0.jar;C:\Users\dell\.gradle\caches\modules-2\files-2.1\org.jetbrains.intellij.deps\trove4j\1.0.20200330\3afb14d5f9ceb459d724e907a21145e8ff394f02\trove4j-1.0.20200330.jar;C:\Users\dell\.gradle\caches\modules-2\files-2.1\org.jetbrains.kotlin\kotlin-stdlib-common\1.9.0\cd65c21cfd1eec4d44ef09f9f52b6d9f8a720636\kotlin-stdlib-common-1.9.0.jar;C:\Users\dell\.gradle\caches\modules-2\files-2.1\org.jetbrains\annotations\13.0\919f0dfe192fb4e063e7dacadee7f8bb9a2672a9\annotations-13.0.jar
Launcher Type: SUN_STANDARD

[Global flags]
     intx CICompilerCount                          = 3                                         {product} {ergonomic}
     uint ConcGCThreads                            = 1                                         {product} {ergonomic}
     uint G1ConcRefinementThreads                  = 4                                         {product} {ergonomic}
   size_t G1HeapRegionSize                         = 2097152                                   {product} {ergonomic}
    uintx GCDrainStackTargetSize                   = 64                                        {product} {ergonomic}
   size_t InitialHeapSize                          = 266338304                                 {product} {ergonomic}
   size_t MarkStackSize                            = 4194304                                   {product} {ergonomic}
   size_t MaxHeapSize                              = 4261412864                                {product} {ergonomic}
   size_t MinHeapDeltaBytes                        = 2097152                                   {product} {ergonomic}
   size_t MinHeapSize                              = 8388608                                   {product} {ergonomic}
    uintx NonNMethodCodeHeapSize                   = 5832780                                {pd product} {ergonomic}
    uintx NonProfiledCodeHeapSize                  = 122912730                              {pd product} {ergonomic}
    uintx ProfiledCodeHeapSize                     = 122912730                              {pd product} {ergonomic}
    uintx ReservedCodeCacheSize                    = 251658240                              {pd product} {ergonomic}
     bool SegmentedCodeCache                       = true                                      {product} {ergonomic}
   size_t SoftMaxHeapSize                          = 4261412864                             {manageable} {ergonomic}
     bool UseCompressedClassPointers               = true                           {product lp64_product} {ergonomic}
     bool UseCompressedOops                        = true                           {product lp64_product} {ergonomic}
     bool UseG1GC                                  = true                                      {product} {ergonomic}
     bool UseLargePagesIndividualAllocation        = false                                  {pd product} {ergonomic}

Logging:
Log output configuration:
 #0: stdout all=warning uptime,level,tags
 #1: stderr all=off uptime,level,tags

Environment Variables:
PATH=C:\Program Files\Common Files\Oracle\Java\javapath;C:\Windows\system32;C:\Windows;C:\Windows\System32\Wbem;C:\Windows\System32\WindowsPowerShell\v1.0\;C:\Windows\System32\OpenSSH\;C:\Program Files\Git\cmd;C:\Users\dell\AppData\Local\JSONBuddy;C:\Users\dell\AppData\Local\Microsoft\WindowsApps;;C:\Program Files\JetBrains\IntelliJ IDEA Community Edition 2023.1.2\bin;;C:\Users\dell\AppData\Local\Programs\Microsoft VS Code\bin
USERNAME=dell
OS=Windows_NT
PROCESSOR_IDENTIFIER=Intel64 Family 6 Model 94 Stepping 3, GenuineIntel
TMP=C:\Users\dell\AppData\Local\Temp
TEMP=C:\Users\dell\AppData\Local\Temp



Periodic native trim disabled

JNI global refs:
JNI global refs: 0, weak refs: 0

JNI global refs memory usage: 0, weak refs: 0

OOME stack traces (most recent first):
Classloader memory used:


---------------  S Y S T E M  ---------------

OS:
 Windows 10 , 64 bit Build 19041 (10.0.19041.3636)
OS uptime: 3 days 4:06 hours

CPU: total 4 (initial active 4) (4 cores per cpu, 2 threads per core) family 6 model 94 stepping 3 microcode 0xcc, cx8, cmov, fxsr, ht, mmx, 3dnowpref, sse, sse2, sse3, ssse3, sse4.1, sse4.2, popcnt, lzcnt, tsc, tscinvbit, avx, avx2, aes, erms, clmul, bmi1, bmi2, rtm, adx, fma, vzeroupper, clflush, clflushopt
Processor Information for all 4 processors :
  Max Mhz: 3408, Current Mhz: 3408, Mhz Limit: 3408

Memory: 4k page, system-wide physical 16248M (711M free)
TotalPageFile size 44795M (AvailPageFile size 66M)
current process WorkingSet (physical memory assigned to process): 10M, peak: 10M
current process commit charge ("private bytes"): 52M, peak: 305M

vm_info: OpenJDK 64-Bit Server VM (17.0.9+0--11185874) for windows-amd64 JRE (17.0.9+0--11185874), built on Dec  6 2023 18:57:44 by "androidbuild" with MS VC++ 16.10 / 16.11 (VS2019)

END.
